0 info it worked if it ends with ok
1 verbose cli [ 'C:\\Program Files\\nodejs\\node.exe',
1 verbose cli   'C:\\Program Files\\nodejs\\node_modules\\npm\\bin\\npm-cli.js',
1 verbose cli   'install',
1 verbose cli   'mcustomscrollbar' ]
2 info using npm@2.15.9
3 info using node@v4.5.0
4 verbose install initial load of D:\project\zrh_manager\package.json
5 warn package.json zrh_manager@2.0.3 No repository field.
6 warn package.json zrh_manager@2.0.3 No README data
7 verbose readDependencies loading dependencies from D:\project\zrh_manager\package.json
8 silly cache add args [ 'mcustomscrollbar', null ]
9 verbose cache add spec mcustomscrollbar
10 silly cache add parsed spec Result {
10 silly cache add   raw: 'mcustomscrollbar',
10 silly cache add   scope: null,
10 silly cache add   name: 'mcustomscrollbar',
10 silly cache add   rawSpec: '',
10 silly cache add   spec: 'latest',
10 silly cache add   type: 'tag' }
11 silly addNamed mcustomscrollbar@latest
12 verbose addNamed "latest" is being treated as a dist-tag for mcustomscrollbar
13 info addNameTag [ 'mcustomscrollbar', 'latest' ]
14 silly mapToRegistry name mcustomscrollbar
15 silly mapToRegistry using default registry
16 silly mapToRegistry registry https://registry.npmjs.org/
17 silly mapToRegistry data Result {
17 silly mapToRegistry   raw: 'mcustomscrollbar',
17 silly mapToRegistry   scope: null,
17 silly mapToRegistry   name: 'mcustomscrollbar',
17 silly mapToRegistry   rawSpec: '',
17 silly mapToRegistry   spec: 'latest',
17 silly mapToRegistry   type: 'tag' }
18 silly mapToRegistry uri https://registry.npmjs.org/mcustomscrollbar
19 verbose addNameTag registry:https://registry.npmjs.org/mcustomscrollbar not in flight; fetching
20 verbose request uri https://registry.npmjs.org/mcustomscrollbar
21 verbose request no auth needed
22 info attempt registry request try #1 at 14:44:30
23 verbose request id fe47eedd842f7f8b
24 http request GET https://registry.npmjs.org/mcustomscrollbar
25 http 404 https://registry.npmjs.org/mcustomscrollbar
26 verbose headers { 'content-type': 'application/json',
26 verbose headers   'cache-control': 'max-age=0',
26 verbose headers   'content-length': '2',
26 verbose headers   'accept-ranges': 'bytes',
26 verbose headers   date: 'Mon, 29 Aug 2016 06:44:32 GMT',
26 verbose headers   via: '1.1 varnish',
26 verbose headers   age: '0',
26 verbose headers   connection: 'keep-alive',
26 verbose headers   'x-served-by': 'cache-lcy1132-LCY',
26 verbose headers   'x-cache': 'MISS',
26 verbose headers   'x-cache-hits': '0',
26 verbose headers   'x-timer': 'S1472453072.529025,VS0,VE188',
26 verbose headers   vary: 'Accept-Encoding' }
27 silly get cb [ 404,
27 silly get   { 'content-type': 'application/json',
27 silly get     'cache-control': 'max-age=0',
27 silly get     'content-length': '2',
27 silly get     'accept-ranges': 'bytes',
27 silly get     date: 'Mon, 29 Aug 2016 06:44:32 GMT',
27 silly get     via: '1.1 varnish',
27 silly get     age: '0',
27 silly get     connection: 'keep-alive',
27 silly get     'x-served-by': 'cache-lcy1132-LCY',
27 silly get     'x-cache': 'MISS',
27 silly get     'x-cache-hits': '0',
27 silly get     'x-timer': 'S1472453072.529025,VS0,VE188',
27 silly get     vary: 'Accept-Encoding' } ]
28 verbose stack Error: Registry returned 404 for GET on https://registry.npmjs.org/mcustomscrollbar
28 verbose stack     at makeError (C:\Program Files\nodejs\node_modules\npm\node_modules\npm-registry-client\lib\request.js:264:12)
28 verbose stack     at CachingRegistryClient.<anonymous> (C:\Program Files\nodejs\node_modules\npm\node_modules\npm-registry-client\lib\request.js:242:14)
28 verbose stack     at Request._callback (C:\Program Files\nodejs\node_modules\npm\node_modules\npm-registry-client\lib\request.js:172:14)
28 verbose stack     at Request.self.callback (C:\Program Files\nodejs\node_modules\npm\node_modules\request\request.js:200:22)
28 verbose stack     at emitTwo (events.js:87:13)
28 verbose stack     at Request.emit (events.js:172:7)
28 verbose stack     at Request.<anonymous> (C:\Program Files\nodejs\node_modules\npm\node_modules\request\request.js:1067:10)
28 verbose stack     at emitOne (events.js:82:20)
28 verbose stack     at Request.emit (events.js:169:7)
28 verbose stack     at IncomingMessage.<anonymous> (C:\Program Files\nodejs\node_modules\npm\node_modules\request\request.js:988:12)
29 verbose statusCode 404
30 verbose pkgid mcustomscrollbar
31 verbose cwd D:\project\zrh_manager
32 error Windows_NT 10.0.10586
33 error argv "C:\\Program Files\\nodejs\\node.exe" "C:\\Program Files\\nodejs\\node_modules\\npm\\bin\\npm-cli.js" "install" "mcustomscrollbar"
34 error node v4.5.0
35 error npm  v2.15.9
36 error code E404
37 error 404 Registry returned 404 for GET on https://registry.npmjs.org/mcustomscrollbar
37 error 404
37 error 404 'mcustomscrollbar' is not in the npm registry.
37 error 404 You should bug the author to publish it (or use the name yourself!)
37 error 404 It was specified as a dependency of 'zrh_manager'
37 error 404
37 error 404 Note that you can also install from a
37 error 404 tarball, folder, http url, or git url.
38 verbose exit [ 1, true ]
